0 info it worked if it ends with ok
1 verbose cli [ '/usr/local/bin/node', '/usr/local/bin/npm', 'run', 'deploy' ]
2 info using npm@3.10.10
3 info using node@v6.11.0
4 verbose run-script [ 'predeploy', 'deploy', 'postdeploy' ]
5 info lifecycle portfolio2018@0.1.0~predeploy: portfolio2018@0.1.0
6 verbose lifecycle portfolio2018@0.1.0~predeploy: unsafe-perm in lifecycle true
7 verbose lifecycle portfolio2018@0.1.0~predeploy: PATH: /usr/local/lib/node_modules/npm/bin/node-gyp-bin:/Users/shanahu/Dropbox (Personal)/shanawho.github.io/node_modules/.bin:/usr/local/bin:/usr/bin:/bin:/usr/sbin:/sbin:/usr/local/munki
8 verbose lifecycle portfolio2018@0.1.0~predeploy: CWD: /Users/shanahu/Dropbox (Personal)/shanawho.github.io
9 silly lifecycle portfolio2018@0.1.0~predeploy: Args: [ '-c', 'npm run build' ]
10 silly lifecycle portfolio2018@0.1.0~predeploy: Returned: code: 0  signal: null
11 info lifecycle portfolio2018@0.1.0~deploy: portfolio2018@0.1.0
12 verbose lifecycle portfolio2018@0.1.0~deploy: unsafe-perm in lifecycle true
13 verbose lifecycle portfolio2018@0.1.0~deploy: PATH: /usr/local/lib/node_modules/npm/bin/node-gyp-bin:/Users/shanahu/Dropbox (Personal)/shanawho.github.io/node_modules/.bin:/usr/local/bin:/usr/bin:/bin:/usr/sbin:/sbin:/usr/local/munki
14 verbose lifecycle portfolio2018@0.1.0~deploy: CWD: /Users/shanahu/Dropbox (Personal)/shanawho.github.io
15 silly lifecycle portfolio2018@0.1.0~deploy: Args: [ '-c', 'master -d build' ]
16 info lifecycle portfolio2018@0.1.0~deploy: Failed to exec deploy script
17 verbose stack Error: portfolio2018@0.1.0 deploy: `master -d build`
17 verbose stack spawn ENOENT
17 verbose stack     at ChildProcess.<anonymous> (/usr/local/lib/node_modules/npm/lib/utils/spawn.js:33:16)
17 verbose stack     at emitTwo (events.js:106:13)
17 verbose stack     at ChildProcess.emit (events.js:191:7)
17 verbose stack     at maybeClose (internal/child_process.js:891:16)
17 verbose stack     at Process.ChildProcess._handle.onexit (internal/child_process.js:226:5)
18 verbose pkgid portfolio2018@0.1.0
19 verbose cwd /Users/shanahu/Dropbox (Personal)/shanawho.github.io
20 error Darwin 17.3.0
21 error argv "/usr/local/bin/node" "/usr/local/bin/npm" "run" "deploy"
22 error node v6.11.0
23 error npm  v3.10.10
24 error file sh
25 error code ELIFECYCLE
26 error errno ENOENT
27 error syscall spawn
28 error portfolio2018@0.1.0 deploy: `master -d build`
28 error spawn ENOENT
29 error Failed at the portfolio2018@0.1.0 deploy script 'master -d build'.
29 error Make sure you have the latest version of node.js and npm installed.
29 error If you do, this is most likely a problem with the portfolio2018 package,
29 error not with npm itself.
29 error Tell the author that this fails on your system:
29 error     master -d build
29 error You can get information on how to open an issue for this project with:
29 error     npm bugs portfolio2018
29 error Or if that isn't available, you can get their info via:
29 error     npm owner ls portfolio2018
29 error There is likely additional logging output above.
30 verbose exit [ 1, true ]
